2025-10-29 10:51:41,220 - aqt.main - INFO - installer 24772 aqtinstall(aqt) v3.3.0 on Python 3.13.5 [CPython MSC v.1943 64 bit (AMD64)]
2025-10-29 10:51:41,220 - aqt.helper - DEBUG - helper 24772 Attempt to download checksum at https://download.qt.io/online/qtsdkrepository/windows_x86/desktop/qt6_680/qt6_680/Updates.xml.sha256
2025-10-29 10:51:42,661 - aqt.helper - DEBUG - helper 24772 Attempt to download checksum at https://download.qt.io/online/qtsdkrepository/windows_x86/extensions/qtwebengine/680/msvc2019_64/Updates.xml.sha256
2025-10-29 10:51:43,395 - aqt.helper - DEBUG - helper 24772 Attempt to download checksum at https://download.qt.io/online/qtsdkrepository/windows_x86/extensions/qtwebengine/680/msvc2019_64/Updates.xml.sha256
2025-10-29 10:51:44,095 - aqt.helper - DEBUG - helper 24772 Attempt to download checksum at https://download.qt.io/online/qtsdkrepository/windows_x86/extensions/qtwebengine/680/msvc2019_64/Updates.xml.sha256
2025-10-29 10:51:44,726 - aqt.helper - DEBUG - helper 24772 Attempt to download checksum at https://download.qt.io/online/qtsdkrepository/windows_x86/extensions/qtwebengine/680/msvc2019_64/Updates.xml.sha256
2025-10-29 10:51:45,365 - aqt.helper - DEBUG - helper 24772 Attempt to download checksum at https://download.qt.io/online/qtsdkrepository/windows_x86/extensions/qtwebengine/680/msvc2019_64/Updates.xml.sha256
2025-10-29 10:51:45,965 - aqt.helper - DEBUG - helper 24772 Attempt to download checksum at https://download.qt.io/online/qtsdkrepository/windows_x86/extensions/qtpdf/680/msvc2019_64/Updates.xml.sha256
2025-10-29 10:51:46,726 - aqt.helper - DEBUG - helper 24772 Attempt to download checksum at https://download.qt.io/online/qtsdkrepository/windows_x86/extensions/qtpdf/680/msvc2019_64/Updates.xml.sha256
2025-10-29 10:51:47,351 - aqt.helper - DEBUG - helper 24772 Attempt to download checksum at https://download.qt.io/online/qtsdkrepository/windows_x86/extensions/qtpdf/680/msvc2019_64/Updates.xml.sha256
2025-10-29 10:51:48,071 - aqt.helper - DEBUG - helper 24772 Attempt to download checksum at https://download.qt.io/online/qtsdkrepository/windows_x86/extensions/qtpdf/680/msvc2019_64/Updates.xml.sha256
2025-10-29 10:51:48,760 - aqt.helper - DEBUG - helper 24772 Attempt to download checksum at https://download.qt.io/online/qtsdkrepository/windows_x86/extensions/qtpdf/680/msvc2019_64/Updates.xml.sha256
2025-10-29 10:51:49,429 - aqt.main - ERROR - installer 24772 The packages ['qt_base'] were not found while parsing XML of package information!
==============================Suggested follow-up:==============================
* Please use 'aqt list-qt windows desktop --arch 6.8.0' to show architectures available.
2025-10-29 10:51:57,725 - aqt.main - INFO - installer 10360 aqtinstall(aqt) v3.3.0 on Python 3.13.5 [CPython MSC v.1943 64 bit (AMD64)]
2025-10-29 10:51:57,726 - aqt.helper - DEBUG - helper 10360 Attempt to download checksum at https://download.qt.io/online/qtsdkrepository/windows_x86/desktop/qt6_672/Updates.xml.sha256
2025-10-29 10:51:59,884 - aqt.helper - DEBUG - helper 14764 Attempt to download checksum at https://download.qt.io/online/qtsdkrepository/windows_x86/desktop/qt6_672/qt.qt6.672.win64_msvc2019_64/6.7.2-0-202406110335qtbase-Windows-Windows_10_22H2-MSVC2019-Windows-Windows_10_22H2-X86_64.7z.sha256
2025-10-29 10:51:59,912 - aqt.helper - DEBUG - helper 31184 Attempt to download checksum at https://download.qt.io/online/qtsdkrepository/windows_x86/desktop/qt6_672/qt.qt6.672.win64_msvc2019_64/6.7.2-0-202406110335qtsvg-Windows-Windows_10_22H2-MSVC2019-Windows-Windows_10_22H2-X86_64.7z.sha256
2025-10-29 10:51:59,945 - aqt.helper - DEBUG - helper 16356 Attempt to download checksum at https://download.qt.io/online/qtsdkrepository/windows_x86/desktop/qt6_672/qt.qt6.672.win64_msvc2019_64/6.7.2-0-202406110335qtdeclarative-Windows-Windows_10_22H2-MSVC2019-Windows-Windows_10_22H2-X86_64.7z.sha256
2025-10-29 10:51:59,951 - aqt.helper - DEBUG - helper 19852 Attempt to download checksum at https://download.qt.io/online/qtsdkrepository/windows_x86/desktop/qt6_672/qt.qt6.672.win64_msvc2019_64/6.7.2-0-202406110335qttools-Windows-Windows_10_22H2-MSVC2019-Windows-Windows_10_22H2-X86_64.7z.sha256
2025-10-29 10:52:00,675 - aqt.helper - INFO - helper 14764 Downloading qtbase...
2025-10-29 10:52:00,676 - aqt.installer - DEBUG - installer 14764 Download URL: https://download.qt.io/online/qtsdkrepository/windows_x86/desktop/qt6_672/qt.qt6.672.win64_msvc2019_64/6.7.2-0-202406110335qtbase-Windows-Windows_10_22H2-MSVC2019-Windows-Windows_10_22H2-X86_64.7z
2025-10-29 10:52:00,726 - aqt.helper - INFO - helper 31184 Downloading qtsvg...
2025-10-29 10:52:00,726 - aqt.installer - DEBUG - installer 31184 Download URL: https://download.qt.io/online/qtsdkrepository/windows_x86/desktop/qt6_672/qt.qt6.672.win64_msvc2019_64/6.7.2-0-202406110335qtsvg-Windows-Windows_10_22H2-MSVC2019-Windows-Windows_10_22H2-X86_64.7z
2025-10-29 10:52:00,757 - aqt.helper - INFO - helper 16356 Downloading qtdeclarative...
2025-10-29 10:52:00,757 - aqt.installer - DEBUG - installer 19852 Download URL: https://download.qt.io/online/qtsdkrepository/windows_x86/desktop/qt6_672/qt.qt6.672.win64_msvc2019_64/6.7.2-0-202406110335qttools-Windows-Windows_10_22H2-MSVC2019-Windows-Windows_10_22H2-X86_64.7z
2025-10-29 10:52:00,757 - aqt.installer - DEBUG - installer 16356 Download URL: https://download.qt.io/online/qtsdkrepository/windows_x86/desktop/qt6_672/qt.qt6.672.win64_msvc2019_64/6.7.2-0-202406110335qtdeclarative-Windows-Windows_10_22H2-MSVC2019-Windows-Windows_10_22H2-X86_64.7z
2025-10-29 10:52:01,526 - aqt.helper - DEBUG - helper 14764 Asked to redirect(302) to: https://www.nic.funet.fi/pub/mirrors/download.qt-project.org/online/qtsdkrepository/windows_x86/desktop/qt6_672/qt.qt6.672.win64_msvc2019_64/6.7.2-0-202406110335qtbase-Windows-Windows_10_22H2-MSVC2019-Windows-Windows_10_22H2-X86_64.7z
2025-10-29 10:52:01,526 - aqt.helper - INFO - helper 14764 Redirected: www.nic.funet.fi
2025-10-29 10:52:01,563 - aqt.helper - DEBUG - helper 31184 Asked to redirect(302) to: https://www.nic.funet.fi/pub/mirrors/download.qt-project.org/online/qtsdkrepository/windows_x86/desktop/qt6_672/qt.qt6.672.win64_msvc2019_64/6.7.2-0-202406110335qtsvg-Windows-Windows_10_22H2-MSVC2019-Windows-Windows_10_22H2-X86_64.7z
2025-10-29 10:52:01,563 - aqt.helper - INFO - helper 31184 Redirected: www.nic.funet.fi
2025-10-29 10:52:01,568 - aqt.helper - DEBUG - helper 19852 Asked to redirect(302) to: https://www.nic.funet.fi/pub/mirrors/download.qt-project.org/online/qtsdkrepository/windows_x86/desktop/qt6_672/qt.qt6.672.win64_msvc2019_64/6.7.2-0-202406110335qttools-Windows-Windows_10_22H2-MSVC2019-Windows-Windows_10_22H2-X86_64.7z
2025-10-29 10:52:01,568 - aqt.helper - INFO - helper 19852 Redirected: www.nic.funet.fi
2025-10-29 10:52:01,575 - aqt.helper - DEBUG - helper 16356 Asked to redirect(302) to: https://www.nic.funet.fi/pub/mirrors/download.qt-project.org/online/qtsdkrepository/windows_x86/desktop/qt6_672/qt.qt6.672.win64_msvc2019_64/6.7.2-0-202406110335qtdeclarative-Windows-Windows_10_22H2-MSVC2019-Windows-Windows_10_22H2-X86_64.7z
2025-10-29 10:52:01,575 - aqt.helper - INFO - helper 16356 Redirected: www.nic.funet.fi
2025-10-29 10:52:03,068 - aqt.installer - INFO - installer 31184 Finished installation of qtsvg-Windows-Windows_10_22H2-MSVC2019-Windows-Windows_10_22H2-X86_64.7z in 3.16287280
2025-10-29 10:52:03,084 - aqt.helper - DEBUG - helper 31184 Attempt to download checksum at https://download.qt.io/online/qtsdkrepository/windows_x86/desktop/qt6_672/qt.qt6.672.win64_msvc2019_64/6.7.2-0-202406110335qttranslations-Windows-Windows_10_22H2-MSVC2019-Windows-Windows_10_22H2-X86_64.7z.sha256
2025-10-29 10:52:03,984 - aqt.helper - INFO - helper 31184 Downloading qttranslations...
2025-10-29 10:52:03,984 - aqt.installer - DEBUG - installer 31184 Download URL: https://download.qt.io/online/qtsdkrepository/windows_x86/desktop/qt6_672/qt.qt6.672.win64_msvc2019_64/6.7.2-0-202406110335qttranslations-Windows-Windows_10_22H2-MSVC2019-Windows-Windows_10_22H2-X86_64.7z
2025-10-29 10:52:04,585 - aqt.helper - DEBUG - helper 31184 Asked to redirect(302) to: https://www.nic.funet.fi/pub/mirrors/download.qt-project.org/online/qtsdkrepository/windows_x86/desktop/qt6_672/qt.qt6.672.win64_msvc2019_64/6.7.2-0-202406110335qttranslations-Windows-Windows_10_22H2-MSVC2019-Windows-Windows_10_22H2-X86_64.7z
2025-10-29 10:52:04,585 - aqt.helper - INFO - helper 31184 Redirected: www.nic.funet.fi
2025-10-29 10:52:06,205 - aqt.installer - INFO - installer 31184 Finished installation of qttranslations-Windows-Windows_10_22H2-MSVC2019-Windows-Windows_10_22H2-X86_64.7z in 3.12712050
2025-10-29 10:52:06,220 - aqt.helper - DEBUG - helper 31184 Attempt to download checksum at https://download.qt.io/online/qtsdkrepository/windows_x86/desktop/qt6_672/qt.qt6.672.win64_msvc2019_64/6.7.2-0-202406110335d3dcompiler_47-x64.7z.sha256
2025-10-29 10:52:06,921 - aqt.helper - INFO - helper 31184 Downloading d3dcompiler_47...
2025-10-29 10:52:06,922 - aqt.installer - DEBUG - installer 31184 Download URL: https://download.qt.io/online/qtsdkrepository/windows_x86/desktop/qt6_672/qt.qt6.672.win64_msvc2019_64/6.7.2-0-202406110335d3dcompiler_47-x64.7z
2025-10-29 10:52:07,454 - aqt.installer - INFO - installer 19852 Finished installation of qttools-Windows-Windows_10_22H2-MSVC2019-Windows-Windows_10_22H2-X86_64.7z in 7.51170500
2025-10-29 10:52:07,532 - aqt.helper - DEBUG - helper 19852 Attempt to download checksum at https://download.qt.io/online/qtsdkrepository/windows_x86/desktop/qt6_672/qt.qt6.672.win64_msvc2019_64/6.7.2-0-202406110335opengl32sw-64-mesa_11_2_2-signed_sha256.7z.sha256
2025-10-29 10:52:07,777 - aqt.helper - DEBUG - helper 31184 Asked to redirect(302) to: https://www.nic.funet.fi/pub/mirrors/download.qt-project.org/online/qtsdkrepository/windows_x86/desktop/qt6_672/qt.qt6.672.win64_msvc2019_64/6.7.2-0-202406110335d3dcompiler_47-x64.7z
2025-10-29 10:52:07,777 - aqt.helper - INFO - helper 31184 Redirected: www.nic.funet.fi
2025-10-29 10:52:08,407 - aqt.helper - INFO - helper 19852 Downloading opengl32sw...
2025-10-29 10:52:08,408 - aqt.installer - DEBUG - installer 19852 Download URL: https://download.qt.io/online/qtsdkrepository/windows_x86/desktop/qt6_672/qt.qt6.672.win64_msvc2019_64/6.7.2-0-202406110335opengl32sw-64-mesa_11_2_2-signed_sha256.7z
2025-10-29 10:52:09,049 - aqt.installer - INFO - installer 31184 Finished installation of d3dcompiler_47-x64.7z in 2.83292960
2025-10-29 10:52:09,119 - aqt.helper - DEBUG - helper 19852 Asked to redirect(302) to: https://www.nic.funet.fi/pub/mirrors/download.qt-project.org/online/qtsdkrepository/windows_x86/desktop/qt6_672/qt.qt6.672.win64_msvc2019_64/6.7.2-0-202406110335opengl32sw-64-mesa_11_2_2-signed_sha256.7z
2025-10-29 10:52:09,119 - aqt.helper - INFO - helper 19852 Redirected: www.nic.funet.fi
2025-10-29 10:52:10,877 - aqt.installer - INFO - installer 19852 Finished installation of opengl32sw-64-mesa_11_2_2-signed_sha256.7z in 3.34932090
2025-10-29 10:52:11,975 - aqt.installer - INFO - installer 14764 Finished installation of qtbase-Windows-Windows_10_22H2-MSVC2019-Windows-Windows_10_22H2-X86_64.7z in 12.09750400
2025-10-29 10:52:29,228 - aqt.installer - INFO - installer 16356 Finished installation of qtdeclarative-Windows-Windows_10_22H2-MSVC2019-Windows-Windows_10_22H2-X86_64.7z in 29.28976000
2025-10-29 10:52:29,449 - aqt.updater - INFO - updater 10360 Patching C:\Qt\6.7.2\msvc2019_64\bin\qmake.exe
2025-10-29 10:52:29,455 - aqt.updater - INFO - updater 10360 Patching C:\Qt\6.7.2\msvc2019_64\lib\Qt6Concurrent.prl
2025-10-29 10:52:29,463 - aqt.updater - INFO - updater 10360 Patching C:\Qt\6.7.2\msvc2019_64\lib\Qt6Concurrentd.prl
2025-10-29 10:52:29,471 - aqt.updater - INFO - updater 10360 Patching C:\Qt\6.7.2\msvc2019_64\lib\Qt6Core.prl
2025-10-29 10:52:29,479 - aqt.updater - INFO - updater 10360 Patching C:\Qt\6.7.2\msvc2019_64\lib\Qt6Cored.prl
2025-10-29 10:52:29,485 - aqt.updater - INFO - updater 10360 Patching C:\Qt\6.7.2\msvc2019_64\lib\Qt6DBus.prl
2025-10-29 10:52:29,494 - aqt.updater - INFO - updater 10360 Patching C:\Qt\6.7.2\msvc2019_64\lib\Qt6DBusd.prl
2025-10-29 10:52:29,501 - aqt.updater - INFO - updater 10360 Patching C:\Qt\6.7.2\msvc2019_64\lib\Qt6Designer.prl
2025-10-29 10:52:29,508 - aqt.updater - INFO - updater 10360 Patching C:\Qt\6.7.2\msvc2019_64\lib\Qt6DesignerComponents.prl
2025-10-29 10:52:29,515 - aqt.updater - INFO - updater 10360 Patching C:\Qt\6.7.2\msvc2019_64\lib\Qt6DesignerComponentsd.prl
2025-10-29 10:52:29,524 - aqt.updater - INFO - updater 10360 Patching C:\Qt\6.7.2\msvc2019_64\lib\Qt6Designerd.prl
2025-10-29 10:52:29,531 - aqt.updater - INFO - updater 10360 Patching C:\Qt\6.7.2\msvc2019_64\lib\Qt6DeviceDiscoverySupport.prl
2025-10-29 10:52:29,538 - aqt.updater - INFO - updater 10360 Patching C:\Qt\6.7.2\msvc2019_64\lib\Qt6DeviceDiscoverySupportd.prl
2025-10-29 10:52:29,546 - aqt.updater - INFO - updater 10360 Patching C:\Qt\6.7.2\msvc2019_64\lib\Qt6EntryPoint.prl
2025-10-29 10:52:29,553 - aqt.updater - INFO - updater 10360 Patching C:\Qt\6.7.2\msvc2019_64\lib\Qt6EntryPointd.prl
2025-10-29 10:52:29,560 - aqt.updater - INFO - updater 10360 Patching C:\Qt\6.7.2\msvc2019_64\lib\Qt6ExampleIcons.prl
2025-10-29 10:52:29,567 - aqt.updater - INFO - updater 10360 Patching C:\Qt\6.7.2\msvc2019_64\lib\Qt6ExampleIconsd.prl
2025-10-29 10:52:29,574 - aqt.updater - INFO - updater 10360 Patching C:\Qt\6.7.2\msvc2019_64\lib\Qt6FbSupport.prl
2025-10-29 10:52:29,581 - aqt.updater - INFO - updater 10360 Patching C:\Qt\6.7.2\msvc2019_64\lib\Qt6FbSupportd.prl
2025-10-29 10:52:29,589 - aqt.updater - INFO - updater 10360 Patching C:\Qt\6.7.2\msvc2019_64\lib\Qt6Gui.prl
2025-10-29 10:52:29,596 - aqt.updater - INFO - updater 10360 Patching C:\Qt\6.7.2\msvc2019_64\lib\Qt6Guid.prl
2025-10-29 10:52:29,603 - aqt.updater - INFO - updater 10360 Patching C:\Qt\6.7.2\msvc2019_64\lib\Qt6Help.prl
2025-10-29 10:52:29,611 - aqt.updater - INFO - updater 10360 Patching C:\Qt\6.7.2\msvc2019_64\lib\Qt6Helpd.prl
2025-10-29 10:52:29,618 - aqt.updater - INFO - updater 10360 Patching C:\Qt\6.7.2\msvc2019_64\lib\Qt6LabsAnimation.prl
2025-10-29 10:52:29,626 - aqt.updater - INFO - updater 10360 Patching C:\Qt\6.7.2\msvc2019_64\lib\Qt6LabsAnimationd.prl
2025-10-29 10:52:29,634 - aqt.updater - INFO - updater 10360 Patching C:\Qt\6.7.2\msvc2019_64\lib\Qt6LabsFolderListModel.prl
2025-10-29 10:52:29,641 - aqt.updater - INFO - updater 10360 Patching C:\Qt\6.7.2\msvc2019_64\lib\Qt6LabsFolderListModeld.prl
2025-10-29 10:52:29,650 - aqt.updater - INFO - updater 10360 Patching C:\Qt\6.7.2\msvc2019_64\lib\Qt6LabsQmlModels.prl
2025-10-29 10:52:29,657 - aqt.updater - INFO - updater 10360 Patching C:\Qt\6.7.2\msvc2019_64\lib\Qt6LabsQmlModelsd.prl
2025-10-29 10:52:29,664 - aqt.updater - INFO - updater 10360 Patching C:\Qt\6.7.2\msvc2019_64\lib\Qt6LabsSettings.prl
2025-10-29 10:52:29,673 - aqt.updater - INFO - updater 10360 Patching C:\Qt\6.7.2\msvc2019_64\lib\Qt6LabsSettingsd.prl
2025-10-29 10:52:29,686 - aqt.updater - INFO - updater 10360 Patching C:\Qt\6.7.2\msvc2019_64\lib\Qt6LabsSharedImage.prl
2025-10-29 10:52:29,697 - aqt.updater - INFO - updater 10360 Patching C:\Qt\6.7.2\msvc2019_64\lib\Qt6LabsSharedImaged.prl
2025-10-29 10:52:29,707 - aqt.updater - INFO - updater 10360 Patching C:\Qt\6.7.2\msvc2019_64\lib\Qt6LabsWavefrontMesh.prl
2025-10-29 10:52:29,714 - aqt.updater - INFO - updater 10360 Patching C:\Qt\6.7.2\msvc2019_64\lib\Qt6LabsWavefrontMeshd.prl
2025-10-29 10:52:29,721 - aqt.updater - INFO - updater 10360 Patching C:\Qt\6.7.2\msvc2019_64\lib\Qt6Network.prl
2025-10-29 10:52:29,727 - aqt.updater - INFO - updater 10360 Patching C:\Qt\6.7.2\msvc2019_64\lib\Qt6Networkd.prl
2025-10-29 10:52:29,734 - aqt.updater - INFO - updater 10360 Patching C:\Qt\6.7.2\msvc2019_64\lib\Qt6OpenGL.prl
2025-10-29 10:52:29,740 - aqt.updater - INFO - updater 10360 Patching C:\Qt\6.7.2\msvc2019_64\lib\Qt6OpenGLd.prl
2025-10-29 10:52:29,746 - aqt.updater - INFO - updater 10360 Patching C:\Qt\6.7.2\msvc2019_64\lib\Qt6OpenGLWidgets.prl
2025-10-29 10:52:29,751 - aqt.updater - INFO - updater 10360 Patching C:\Qt\6.7.2\msvc2019_64\lib\Qt6OpenGLWidgetsd.prl
2025-10-29 10:52:29,757 - aqt.updater - INFO - updater 10360 Patching C:\Qt\6.7.2\msvc2019_64\lib\Qt6PacketProtocol.prl
2025-10-29 10:52:29,763 - aqt.updater - INFO - updater 10360 Patching C:\Qt\6.7.2\msvc2019_64\lib\Qt6PacketProtocold.prl
2025-10-29 10:52:29,770 - aqt.updater - INFO - updater 10360 Patching C:\Qt\6.7.2\msvc2019_64\lib\Qt6PrintSupport.prl
2025-10-29 10:52:29,777 - aqt.updater - INFO - updater 10360 Patching C:\Qt\6.7.2\msvc2019_64\lib\Qt6PrintSupportd.prl
2025-10-29 10:52:29,783 - aqt.updater - INFO - updater 10360 Patching C:\Qt\6.7.2\msvc2019_64\lib\Qt6Qml.prl
2025-10-29 10:52:29,788 - aqt.updater - INFO - updater 10360 Patching C:\Qt\6.7.2\msvc2019_64\lib\Qt6QmlBuiltins.prl
2025-10-29 10:52:29,794 - aqt.updater - INFO - updater 10360 Patching C:\Qt\6.7.2\msvc2019_64\lib\Qt6QmlBuiltinsd.prl
2025-10-29 10:52:29,801 - aqt.updater - INFO - updater 10360 Patching C:\Qt\6.7.2\msvc2019_64\lib\Qt6QmlCompiler.prl
2025-10-29 10:52:29,807 - aqt.updater - INFO - updater 10360 Patching C:\Qt\6.7.2\msvc2019_64\lib\Qt6QmlCompilerd.prl
2025-10-29 10:52:29,813 - aqt.updater - INFO - updater 10360 Patching C:\Qt\6.7.2\msvc2019_64\lib\Qt6QmlCore.prl
2025-10-29 10:52:29,818 - aqt.updater - INFO - updater 10360 Patching C:\Qt\6.7.2\msvc2019_64\lib\Qt6QmlCored.prl
2025-10-29 10:52:29,825 - aqt.updater - INFO - updater 10360 Patching C:\Qt\6.7.2\msvc2019_64\lib\Qt6Qmld.prl
2025-10-29 10:52:29,832 - aqt.updater - INFO - updater 10360 Patching C:\Qt\6.7.2\msvc2019_64\lib\Qt6QmlDebug.prl
2025-10-29 10:52:29,838 - aqt.updater - INFO - updater 10360 Patching C:\Qt\6.7.2\msvc2019_64\lib\Qt6QmlDebugd.prl
2025-10-29 10:52:29,845 - aqt.updater - INFO - updater 10360 Patching C:\Qt\6.7.2\msvc2019_64\lib\Qt6QmlDom.prl
2025-10-29 10:52:29,851 - aqt.updater - INFO - updater 10360 Patching C:\Qt\6.7.2\msvc2019_64\lib\Qt6QmlDomd.prl
2025-10-29 10:52:29,856 - aqt.updater - INFO - updater 10360 Patching C:\Qt\6.7.2\msvc2019_64\lib\Qt6QmlLocalStorage.prl
2025-10-29 10:52:29,862 - aqt.updater - INFO - updater 10360 Patching C:\Qt\6.7.2\msvc2019_64\lib\Qt6QmlLocalStoraged.prl
2025-10-29 10:52:29,868 - aqt.updater - INFO - updater 10360 Patching C:\Qt\6.7.2\msvc2019_64\lib\Qt6QmlLS.prl
2025-10-29 10:52:29,874 - aqt.updater - INFO - updater 10360 Patching C:\Qt\6.7.2\msvc2019_64\lib\Qt6QmlLSd.prl
2025-10-29 10:52:29,881 - aqt.updater - INFO - updater 10360 Patching C:\Qt\6.7.2\msvc2019_64\lib\Qt6QmlModels.prl
2025-10-29 10:52:29,887 - aqt.updater - INFO - updater 10360 Patching C:\Qt\6.7.2\msvc2019_64\lib\Qt6QmlModelsd.prl
2025-10-29 10:52:29,893 - aqt.updater - INFO - updater 10360 Patching C:\Qt\6.7.2\msvc2019_64\lib\Qt6QmlNetwork.prl
2025-10-29 10:52:29,899 - aqt.updater - INFO - updater 10360 Patching C:\Qt\6.7.2\msvc2019_64\lib\Qt6QmlNetworkd.prl
2025-10-29 10:52:29,904 - aqt.updater - INFO - updater 10360 Patching C:\Qt\6.7.2\msvc2019_64\lib\Qt6QmlToolingSettings.prl
2025-10-29 10:52:29,910 - aqt.updater - INFO - updater 10360 Patching C:\Qt\6.7.2\msvc2019_64\lib\Qt6QmlToolingSettingsd.prl
2025-10-29 10:52:29,916 - aqt.updater - INFO - updater 10360 Patching C:\Qt\6.7.2\msvc2019_64\lib\Qt6QmlTypeRegistrar.prl
2025-10-29 10:52:29,922 - aqt.updater - INFO - updater 10360 Patching C:\Qt\6.7.2\msvc2019_64\lib\Qt6QmlTypeRegistrard.prl
2025-10-29 10:52:29,930 - aqt.updater - INFO - updater 10360 Patching C:\Qt\6.7.2\msvc2019_64\lib\Qt6QmlWorkerScript.prl
2025-10-29 10:52:29,938 - aqt.updater - INFO - updater 10360 Patching C:\Qt\6.7.2\msvc2019_64\lib\Qt6QmlWorkerScriptd.prl
2025-10-29 10:52:29,944 - aqt.updater - INFO - updater 10360 Patching C:\Qt\6.7.2\msvc2019_64\lib\Qt6QmlXmlListModel.prl
2025-10-29 10:52:29,950 - aqt.updater - INFO - updater 10360 Patching C:\Qt\6.7.2\msvc2019_64\lib\Qt6QmlXmlListModeld.prl
2025-10-29 10:52:29,956 - aqt.updater - INFO - updater 10360 Patching C:\Qt\6.7.2\msvc2019_64\lib\Qt6Quick.prl
2025-10-29 10:52:29,962 - aqt.updater - INFO - updater 10360 Patching C:\Qt\6.7.2\msvc2019_64\lib\Qt6QuickControls2.prl
2025-10-29 10:52:29,968 - aqt.updater - INFO - updater 10360 Patching C:\Qt\6.7.2\msvc2019_64\lib\Qt6QuickControls2Basic.prl
2025-10-29 10:52:29,974 - aqt.updater - INFO - updater 10360 Patching C:\Qt\6.7.2\msvc2019_64\lib\Qt6QuickControls2Basicd.prl
2025-10-29 10:52:29,981 - aqt.updater - INFO - updater 10360 Patching C:\Qt\6.7.2\msvc2019_64\lib\Qt6QuickControls2BasicStyleImpl.prl
2025-10-29 10:52:29,989 - aqt.updater - INFO - updater 10360 Patching C:\Qt\6.7.2\msvc2019_64\lib\Qt6QuickControls2BasicStyleImpld.prl
2025-10-29 10:52:29,996 - aqt.updater - INFO - updater 10360 Patching C:\Qt\6.7.2\msvc2019_64\lib\Qt6QuickControls2d.prl
2025-10-29 10:52:30,003 - aqt.updater - INFO - updater 10360 Patching C:\Qt\6.7.2\msvc2019_64\lib\Qt6QuickControls2Fusion.prl
2025-10-29 10:52:30,011 - aqt.updater - INFO - updater 10360 Patching C:\Qt\6.7.2\msvc2019_64\lib\Qt6QuickControls2Fusiond.prl
2025-10-29 10:52:30,018 - aqt.updater - INFO - updater 10360 Patching C:\Qt\6.7.2\msvc2019_64\lib\Qt6QuickControls2FusionStyleImpl.prl
2025-10-29 10:52:30,026 - aqt.updater - INFO - updater 10360 Patching C:\Qt\6.7.2\msvc2019_64\lib\Qt6QuickControls2FusionStyleImpld.prl
2025-10-29 10:52:30,033 - aqt.updater - INFO - updater 10360 Patching C:\Qt\6.7.2\msvc2019_64\lib\Qt6QuickControls2Imagine.prl
2025-10-29 10:52:30,039 - aqt.updater - INFO - updater 10360 Patching C:\Qt\6.7.2\msvc2019_64\lib\Qt6QuickControls2Imagined.prl
2025-10-29 10:52:30,047 - aqt.updater - INFO - updater 10360 Patching C:\Qt\6.7.2\msvc2019_64\lib\Qt6QuickControls2ImagineStyleImpl.prl
2025-10-29 10:52:30,053 - aqt.updater - INFO - updater 10360 Patching C:\Qt\6.7.2\msvc2019_64\lib\Qt6QuickControls2ImagineStyleImpld.prl
2025-10-29 10:52:30,060 - aqt.updater - INFO - updater 10360 Patching C:\Qt\6.7.2\msvc2019_64\lib\Qt6QuickControls2Impl.prl
2025-10-29 10:52:30,066 - aqt.updater - INFO - updater 10360 Patching C:\Qt\6.7.2\msvc2019_64\lib\Qt6QuickControls2Impld.prl
2025-10-29 10:52:30,073 - aqt.updater - INFO - updater 10360 Patching C:\Qt\6.7.2\msvc2019_64\lib\Qt6QuickControls2Material.prl
2025-10-29 10:52:30,081 - aqt.updater - INFO - updater 10360 Patching C:\Qt\6.7.2\msvc2019_64\lib\Qt6QuickControls2Materiald.prl
2025-10-29 10:52:30,087 - aqt.updater - INFO - updater 10360 Patching C:\Qt\6.7.2\msvc2019_64\lib\Qt6QuickControls2MaterialStyleImpl.prl
2025-10-29 10:52:30,094 - aqt.updater - INFO - updater 10360 Patching C:\Qt\6.7.2\msvc2019_64\lib\Qt6QuickControls2MaterialStyleImpld.prl
2025-10-29 10:52:30,101 - aqt.updater - INFO - updater 10360 Patching C:\Qt\6.7.2\msvc2019_64\lib\Qt6QuickControls2Universal.prl
2025-10-29 10:52:30,107 - aqt.updater - INFO - updater 10360 Patching C:\Qt\6.7.2\msvc2019_64\lib\Qt6QuickControls2Universald.prl
2025-10-29 10:52:30,113 - aqt.updater - INFO - updater 10360 Patching C:\Qt\6.7.2\msvc2019_64\lib\Qt6QuickControls2UniversalStyleImpl.prl
2025-10-29 10:52:30,118 - aqt.updater - INFO - updater 10360 Patching C:\Qt\6.7.2\msvc2019_64\lib\Qt6QuickControls2UniversalStyleImpld.prl
2025-10-29 10:52:30,124 - aqt.updater - INFO - updater 10360 Patching C:\Qt\6.7.2\msvc2019_64\lib\Qt6QuickControls2WindowsStyleImpl.prl
2025-10-29 10:52:30,130 - aqt.updater - INFO - updater 10360 Patching C:\Qt\6.7.2\msvc2019_64\lib\Qt6QuickControls2WindowsStyleImpld.prl
2025-10-29 10:52:30,136 - aqt.updater - INFO - updater 10360 Patching C:\Qt\6.7.2\msvc2019_64\lib\Qt6QuickControlsTestUtils.prl
2025-10-29 10:52:30,143 - aqt.updater - INFO - updater 10360 Patching C:\Qt\6.7.2\msvc2019_64\lib\Qt6QuickControlsTestUtilsd.prl
2025-10-29 10:52:30,150 - aqt.updater - INFO - updater 10360 Patching C:\Qt\6.7.2\msvc2019_64\lib\Qt6Quickd.prl
2025-10-29 10:52:30,156 - aqt.updater - INFO - updater 10360 Patching C:\Qt\6.7.2\msvc2019_64\lib\Qt6QuickDialogs2.prl
2025-10-29 10:52:30,161 - aqt.updater - INFO - updater 10360 Patching C:\Qt\6.7.2\msvc2019_64\lib\Qt6QuickDialogs2d.prl
2025-10-29 10:52:30,167 - aqt.updater - INFO - updater 10360 Patching C:\Qt\6.7.2\msvc2019_64\lib\Qt6QuickDialogs2QuickImpl.prl
2025-10-29 10:52:30,173 - aqt.updater - INFO - updater 10360 Patching C:\Qt\6.7.2\msvc2019_64\lib\Qt6QuickDialogs2QuickImpld.prl
2025-10-29 10:52:30,178 - aqt.updater - INFO - updater 10360 Patching C:\Qt\6.7.2\msvc2019_64\lib\Qt6QuickDialogs2Utils.prl
2025-10-29 10:52:30,184 - aqt.updater - INFO - updater 10360 Patching C:\Qt\6.7.2\msvc2019_64\lib\Qt6QuickDialogs2Utilsd.prl
2025-10-29 10:52:30,189 - aqt.updater - INFO - updater 10360 Patching C:\Qt\6.7.2\msvc2019_64\lib\Qt6QuickEffects.prl
2025-10-29 10:52:30,194 - aqt.updater - INFO - updater 10360 Patching C:\Qt\6.7.2\msvc2019_64\lib\Qt6QuickEffectsd.prl
2025-10-29 10:52:30,200 - aqt.updater - INFO - updater 10360 Patching C:\Qt\6.7.2\msvc2019_64\lib\Qt6QuickLayouts.prl
2025-10-29 10:52:30,206 - aqt.updater - INFO - updater 10360 Patching C:\Qt\6.7.2\msvc2019_64\lib\Qt6QuickLayoutsd.prl
2025-10-29 10:52:30,212 - aqt.updater - INFO - updater 10360 Patching C:\Qt\6.7.2\msvc2019_64\lib\Qt6QuickParticles.prl
2025-10-29 10:52:30,217 - aqt.updater - INFO - updater 10360 Patching C:\Qt\6.7.2\msvc2019_64\lib\Qt6QuickParticlesd.prl
2025-10-29 10:52:30,223 - aqt.updater - INFO - updater 10360 Patching C:\Qt\6.7.2\msvc2019_64\lib\Qt6QuickShapes.prl
2025-10-29 10:52:30,230 - aqt.updater - INFO - updater 10360 Patching C:\Qt\6.7.2\msvc2019_64\lib\Qt6QuickShapesd.prl
2025-10-29 10:52:30,237 - aqt.updater - INFO - updater 10360 Patching C:\Qt\6.7.2\msvc2019_64\lib\Qt6QuickTemplates2.prl
2025-10-29 10:52:30,242 - aqt.updater - INFO - updater 10360 Patching C:\Qt\6.7.2\msvc2019_64\lib\Qt6QuickTemplates2d.prl
2025-10-29 10:52:30,249 - aqt.updater - INFO - updater 10360 Patching C:\Qt\6.7.2\msvc2019_64\lib\Qt6QuickTest.prl
2025-10-29 10:52:30,257 - aqt.updater - INFO - updater 10360 Patching C:\Qt\6.7.2\msvc2019_64\lib\Qt6QuickTestd.prl
2025-10-29 10:52:30,264 - aqt.updater - INFO - updater 10360 Patching C:\Qt\6.7.2\msvc2019_64\lib\Qt6QuickTestUtils.prl
2025-10-29 10:52:30,272 - aqt.updater - INFO - updater 10360 Patching C:\Qt\6.7.2\msvc2019_64\lib\Qt6QuickTestUtilsd.prl
2025-10-29 10:52:30,278 - aqt.updater - INFO - updater 10360 Patching C:\Qt\6.7.2\msvc2019_64\lib\Qt6QuickWidgets.prl
2025-10-29 10:52:30,284 - aqt.updater - INFO - updater 10360 Patching C:\Qt\6.7.2\msvc2019_64\lib\Qt6QuickWidgetsd.prl
2025-10-29 10:52:30,290 - aqt.updater - INFO - updater 10360 Patching C:\Qt\6.7.2\msvc2019_64\lib\Qt6Sql.prl
2025-10-29 10:52:30,296 - aqt.updater - INFO - updater 10360 Patching C:\Qt\6.7.2\msvc2019_64\lib\Qt6Sqld.prl
2025-10-29 10:52:30,302 - aqt.updater - INFO - updater 10360 Patching C:\Qt\6.7.2\msvc2019_64\lib\Qt6Svg.prl
2025-10-29 10:52:30,309 - aqt.updater - INFO - updater 10360 Patching C:\Qt\6.7.2\msvc2019_64\lib\Qt6Svgd.prl
2025-10-29 10:52:30,316 - aqt.updater - INFO - updater 10360 Patching C:\Qt\6.7.2\msvc2019_64\lib\Qt6SvgWidgets.prl
2025-10-29 10:52:30,323 - aqt.updater - INFO - updater 10360 Patching C:\Qt\6.7.2\msvc2019_64\lib\Qt6SvgWidgetsd.prl
2025-10-29 10:52:30,329 - aqt.updater - INFO - updater 10360 Patching C:\Qt\6.7.2\msvc2019_64\lib\Qt6Test.prl
2025-10-29 10:52:30,335 - aqt.updater - INFO - updater 10360 Patching C:\Qt\6.7.2\msvc2019_64\lib\Qt6Testd.prl
2025-10-29 10:52:30,340 - aqt.updater - INFO - updater 10360 Patching C:\Qt\6.7.2\msvc2019_64\lib\Qt6UiTools.prl
2025-10-29 10:52:30,345 - aqt.updater - INFO - updater 10360 Patching C:\Qt\6.7.2\msvc2019_64\lib\Qt6UiToolsd.prl
2025-10-29 10:52:30,351 - aqt.updater - INFO - updater 10360 Patching C:\Qt\6.7.2\msvc2019_64\lib\Qt6Widgets.prl
2025-10-29 10:52:30,357 - aqt.updater - INFO - updater 10360 Patching C:\Qt\6.7.2\msvc2019_64\lib\Qt6Widgetsd.prl
2025-10-29 10:52:30,362 - aqt.updater - INFO - updater 10360 Patching C:\Qt\6.7.2\msvc2019_64\lib\Qt6Xml.prl
2025-10-29 10:52:30,368 - aqt.updater - INFO - updater 10360 Patching C:\Qt\6.7.2\msvc2019_64\lib\Qt6Xmld.prl
2025-10-29 10:52:30,375 - aqt.main - INFO - installer 10360 Finished installation
2025-10-29 10:52:30,375 - aqt.main - INFO - installer 10360 Time elapsed: 32.64942210 second
